a portrait of the ARTIST as a young man 
the ASCENT of man 
man in BLACK 
a man is a man but BUBBLESORT is a dog 
the COUNT of monte cristo 
the count of monte CRISTO 
DESCENT of man 
a man is a man but bubblesort is a DOG 
EYES without a face 
the man without a FACE 
eyes without a FACE 
the man in the IRON mask 
LES miserables 
descent of MAN 
the ascent of MAN 
the old MAN and the sea 
a portrait of the artist as a young MAN 
a MAN is a man but bubblesort is a dog 
a man is a MAN but bubblesort is a dog 
the MAN in the iron mask 
the MAN without a face 
MAN in black 
the man in the iron MASK 
les MISERABLES 
the count of MONTE cristo 
the OLD man and the sea 
the OLD woman in a shoe 
a PORTRAIT of the artist as a young man 
the old man and the SEA 
the old woman in a SHOE 
the man WITHOUT a face 
eyes WITHOUT a face 
the old WOMAN in a shoe 
a portrait of the artist as a YOUNG man 
